appJuego/app/build/intermediates/manifest_merge_blame_file/debug/manifest-merger-blame-debug-report.txt
1<?xml version="1.0" encoding="utf-8"?>
2<manifest xmlns:android="http://schemas.android.com/apk/res/android"
3    package="com.example.appjuego"
4    android:versionCode="1"
5    android:versionName="1.0" >
6
7    <uses-sdk
8        android:minSdkVersion="24"
8-->src\main\AndroidManifest.xml
9        android:targetSdkVersion="29" />
9-->src\main\AndroidManifest.xml
10
11    <application
11-->src\main\AndroidManifest.xml:5:5-33:19
12        android:allowBackup="true"
12-->src\main\AndroidManifest.xml:6:9-35
13        android:appComponentFactory="androidx.core.app.CoreComponentFactory"
13-->[androidx.core:core:1.2.0] AndroidManifest.xml:24:18-86
14        android:debuggable="true"
15        android:extractNativeLibs="false"
16        android:icon="@mipmap/ic_launcher"
16-->src\main\AndroidManifest.xml:7:9-43
17        android:label="@string/app_name"
17-->src\main\AndroidManifest.xml:8:9-41
18        android:roundIcon="@mipmap/ic_launcher_round"
18-->src\main\AndroidManifest.xml:9:9-54
19        android:supportsRtl="true"
19-->src\main\AndroidManifest.xml:10:9-35
20        android:testOnly="true"
21        android:theme="@style/AppTheme" >
21-->src\main\AndroidManifest.xml:11:9-40
22        <activity android:name="com.example.appjuego.guardar_Intentos" />
22-->src\main\AndroidManifest.xml:12:9-63
22-->src\main\AndroidManifest.xml:12:19-51
23        <activity android:name="com.example.appjuego.listadoRegistro" />
23-->src\main\AndroidManifest.xml:13:9-53
23-->src\main\AndroidManifest.xml:13:19-50
24        <activity android:name="com.example.appjuego.ayudaNumero" />
24-->src\main\AndroidManifest.xml:14:9-49
24-->src\main\AndroidManifest.xml:14:19-46
25        <activity android:name="com.example.appjuego.guardar_valor_contador" />
25-->src\main\AndroidManifest.xml:15:9-60
25-->src\main\AndroidManifest.xml:15:19-57
26        <activity android:name="com.example.appjuego.numeroSecreto" />
26-->src\main\AndroidManifest.xml:16:9-51
26-->src\main\AndroidManifest.xml:16:19-48
27        <activity android:name="com.example.appjuego.menuDeJuegos" />
27-->src\main\AndroidManifest.xml:17:9-50
27-->src\main\AndroidManifest.xml:17:19-47
28        <activity android:name="com.example.appjuego.ayudaContador" />
28-->src\main\AndroidManifest.xml:18:9-51
28-->src\main\AndroidManifest.xml:18:19-48
29        <activity android:name="com.example.appjuego.splash" />
29-->src\main\AndroidManifest.xml:19:9-44
29-->src\main\AndroidManifest.xml:19:19-41
30        <activity android:name="com.example.appjuego.contador" />
30-->src\main\AndroidManifest.xml:20:9-46
30-->src\main\AndroidManifest.xml:20:19-43
31        <activity android:name="com.example.appjuego.okRegistro" />
31-->src\main\AndroidManifest.xml:21:9-48
31-->src\main\AndroidManifest.xml:21:19-45
32        <activity android:name="com.example.appjuego.QuienSoy" />
32-->src\main\AndroidManifest.xml:22:9-46
32-->src\main\AndroidManifest.xml:22:19-43
33        <activity android:name="com.example.appjuego.registro" />
33-->src\main\AndroidManifest.xml:23:9-46
33-->src\main\AndroidManifest.xml:23:19-43
34        <activity
34-->src\main\AndroidManifest.xml:24:9-32:20
35            android:name="com.example.appjuego.MainActivity"
35-->src\main\AndroidManifest.xml:25:13-41
36            android:theme="@style/SplashTheme" >
36-->src\main\AndroidManifest.xml:26:13-47
37            <intent-filter>
37-->src\main\AndroidManifest.xml:27:13-31:29
38                <action android:name="android.intent.action.MAIN" />
38-->src\main\AndroidManifest.xml:28:17-69
38-->src\main\AndroidManifest.xml:28:25-66
39
40                <category android:name="android.intent.category.LAUNCHER" />
40-->src\main\AndroidManifest.xml:30:17-77
40-->src\main\AndroidManifest.xml:30:27-74
41            </intent-filter>
42        </activity>
43    </application>
44
45</manifest>